[ 2016-03-02T09:04:56+08:00 ] ::1 /music/index.php/Home/Download/index
ERR: SQLSTATE[HY000] [1045] Access denied for user 'root'@'localhost' (using password: YES)

[ 2016-03-02T11:03:41+08:00 ] ::1 /music/index.php/Home/Download/index
ERR: SQLSTATE[HY000] [1045] Access denied for user 'root'@'localhost' (using password: YES)

[ 2016-03-02T20:16:25+08:00 ] ::1 /music/supper
ERR: 无法加载控制器:Supper

[ 2016-03-02T20:16:36+08:00 ] ::1 /music/supper.html
ERR: 无法加载控制器:Supper

[ 2016-03-02T20:17:19+08:00 ] ::1 /music/supper
ERR: 无法加载控制器:Supper

[ 2016-03-02T20:18:59+08:00 ] ::1 /music/supper
ERR: 无法加载控制器:Supper

[ 2016-03-02T20:19:19+08:00 ] ::1 /music/supper
ERR: 无法加载控制器:Supper

[ 2016-03-02T20:20:41+08:00 ] ::1 /music/supper
ERR: 无法加载控制器:Supper

[ 2016-03-02T20:21:54+08:00 ] ::1 /music/Admin/News/index.html
ERR: 无法加载控制器:Admin

[ 2016-03-02T20:22:16+08:00 ] ::1 /music/Admin/News/index.html
ERR: 无法加载控制器:Admin

[ 2016-03-02T20:22:19+08:00 ] ::1 /music/Admin/News/index.html
ERR: 无法加载控制器:Admin

[ 2016-03-02T20:26:40+08:00 ] ::1 /music/supper/index/index
ERR: 无法加载控制器:Music

[ 2016-03-02T20:29:37+08:00 ] ::1 /music/supper.html
ERR: 无法加载控制器:Music

[ 2016-03-02T20:30:11+08:00 ] ::1 /music/supper.html
ERR: 无法加载控制器:Music

[ 2016-03-02T20:31:04+08:00 ] ::1 /music/supper.html
ERR: 无法加载控制器:Music

[ 2016-03-02T20:31:32+08:00 ] ::1 /music/supper.html
ERR: 无法加载控制器:Music

[ 2016-03-02T20:31:40+08:00 ] ::1 /music/supper.html
ERR: 无法加载控制器:Music

[ 2016-03-02T20:32:35+08:00 ] ::1 /music/supper.html
ERR: 无法加载控制器:Music

[ 2016-03-02T20:32:44+08:00 ] ::1 /music/supper.html
ERR: 无法加载控制器:Music

[ 2016-03-02T20:33:36+08:00 ] ::1 /music/supper.html
ERR: 无法加载控制器:Music

[ 2016-03-02T20:33:41+08:00 ] ::1 /music/supper.html
ERR: 无法加载控制器:Music

